  graph.cpp
  Source.cpp
C:\Users\Asokat\Desktop\Tarasov_Sergey_LABS_PSTU_RIS_22_1b-main\graph\Source.cpp(37,23): warning C4018: <: несоответствие типов со знаком и без знака
C:\Users\Asokat\Desktop\Tarasov_Sergey_LABS_PSTU_RIS_22_1b-main\graph\Source.cpp(91,23): warning C4018: <: несоответствие типов со знаком и без знака
C:\Users\Asokat\Desktop\Tarasov_Sergey_LABS_PSTU_RIS_22_1b-main\graph\Source.cpp(94,23): warning C4018: <: несоответствие типов со знаком и без знака
C:\Users\Asokat\Desktop\Tarasov_Sergey_LABS_PSTU_RIS_22_1b-main\graph\Source.cpp(96,27): warning C4018: <: несоответствие типов со знаком и без знака
C:\Users\Asokat\Desktop\Tarasov_Sergey_LABS_PSTU_RIS_22_1b-main\graph\Source.cpp(124,27): warning C4018: <: несоответствие типов со знаком и без знака
C:\Users\Asokat\Desktop\Tarasov_Sergey_LABS_PSTU_RIS_22_1b-main\graph\Source.cpp(125,27): warning C4018: <: несоответствие типов со знаком и без знака
C:\Users\Asokat\Desktop\Tarasov_Sergey_LABS_PSTU_RIS_22_1b-main\graph\Source.cpp(130,23): warning C4018: <: несоответствие типов со знаком и без знака
C:\Users\Asokat\Desktop\Tarasov_Sergey_LABS_PSTU_RIS_22_1b-main\graph\Source.cpp(207,23): warning C4018: <: несоответствие типов со знаком и без знака
C:\Users\Asokat\Desktop\Tarasov_Sergey_LABS_PSTU_RIS_22_1b-main\graph\Source.cpp(356,14): warning C4244: инициализация: преобразование "int" в "float", возможна потеря данных
C:\Users\Asokat\Desktop\Tarasov_Sergey_LABS_PSTU_RIS_22_1b-main\graph\Source.cpp(357,14): warning C4244: инициализация: преобразование "int" в "float", возможна потеря данных
C:\Users\Asokat\Desktop\Tarasov_Sergey_LABS_PSTU_RIS_22_1b-main\graph\Source.cpp(361,13): warning C4244: =: преобразование "float" в "int", возможна потеря данных
C:\Users\Asokat\Desktop\Tarasov_Sergey_LABS_PSTU_RIS_22_1b-main\graph\Source.cpp(362,13): warning C4244: =: преобразование "float" в "int", возможна потеря данных
C:\Users\Asokat\Desktop\Tarasov_Sergey_LABS_PSTU_RIS_22_1b-main\graph\Source.cpp(364,20): warning C4244: аргумент: преобразование "int" в "GLfloat", возможна потеря данных
C:\Users\Asokat\Desktop\Tarasov_Sergey_LABS_PSTU_RIS_22_1b-main\graph\Source.cpp(364,16): warning C4244: аргумент: преобразование "int" в "GLfloat", возможна потеря данных
C:\Users\Asokat\Desktop\Tarasov_Sergey_LABS_PSTU_RIS_22_1b-main\graph\Source.cpp(376,12): warning C4244: инициализация: преобразование "float" в "int", возможна потеря данных
C:\Users\Asokat\Desktop\Tarasov_Sergey_LABS_PSTU_RIS_22_1b-main\graph\Source.cpp(377,12): warning C4244: инициализация: преобразование "float" в "int", возможна потеря данных
  Создание кода...
  graph.vcxproj -> C:\Users\Asokat\Desktop\Tarasov_Sergey_LABS_PSTU_RIS_22_1b-main\graph\Debug\graph.exe
